 -------------------------------------------------------------------------------
 ORBIT REPEATABILITY FROM A 7-DAY FIT THROUGH DAILY ORBIT SOLUTIONS (CM)
 -------------------------------------------------------------------------------
       1   2E  3   4E  5   6   7E  8E  9E 10  11E 12  13  14  15  16  17  18  19  20  21E 22  23  24E 26  27E 28  29  30  31E 32  52E101 102 103 104 105 107 108 110E111E113E114E115E117 118 119 120 121 122 123 124 
 -------------------------------------------------------------------------------
 097   2   1   1  11   3   1   2   6   0   2   4   2   1   2   2   1   3   2   3   3   2   2   1  15   1   2   2   6   4   1   2   0   5   3   5   5   5   5   4   3   3   3   6   6   4   6   7   5   7   6   5   6
 098   3   1   1   6   2   1   2   5   0   2   4   1   1   1   1   1   2   1   2   2   1   2   1  12   1   1   2   3   3   1   2   0   4   3   5   4   4   4   3   2   3   4   6   4   3   4   4   4   5   3   5   5
 099   2   1   1   5   3   1   2   5 480   2   3   2   1   1   1   1   2   1   2   2   2   2   1  13   1   2   2   3   2   1   3   3   3   5   4   4   4   3   4   3   4   4   6   4   4   4   5   4   7   5   4   6
 100   2   0   1   5   2   1   3   4 409   3   5   2   2   1   2   1   2   2   2   2   2   2   2  13   1   2   2   3   3   2   1   2   6   3   3   5   5   5   4   4   4   5   5   4   5   5   5   5   5   5   3   4
 101   2   0   1   5   2   1   1   4 238   3   3   2   1   2   2   1   2   2   2   2   3   2   1  14   1   2   1   3   2   1   1   2   4   2   2   5   4   4   3   4   4   5   8   9   4   4   6   4   5   5   5   6
 102   1   0   1   6   2   1   2   6 196   3   3   1   1   2   1   1   2   2   1   2   3   2   1  12   1   1   1   3   3   1   1   1   4   2   3   4   4   4   2   4   5   6  12   9   4   4   5   4   4   5   4   6
 103   2   0   1   8   2   1   3   6 206   4   3   1   1   2   2   1   2   2   2   2   3   3   1  17   1   2   2   4   4   2   2   2   4   3   4   4   5   4   4   4   3   6   8   7   4   7   6   4   6   5   5   7
 -------------------------------------------------------------------------------
 ALL   2   1   1   7   2   1   2   5 327   3   4   2   1   1   2   1   2   2   2   2   2   2   1  14   1   2   2   4   3   2   2   2   4   3   4   4   4   4   4   4   4   5   7   6   4   5   5   4   6   5   4   6
 -------------------------------------------------------------------------------
 103   1   1   0   1   1   1   1   1   1   1   1   1   1   1   1   1   1   1   1   0   1   1   1   2   0   1   1   1   1   1   1   1   1   1   1   1   1   1   1   2   4   5   5   1   3   2   1   1   2   1   1
  ORBGEN.L46      # Sat.:  51 , # Eclipsing 15 , Max. Rms.:  0.05 for sat.:114
  (DOY: 103)      Eclips. Sat. :    2   4   7   8   9  11  21  24  27  31 110 111 113 114 115
                  Min in eclips:   55  54  43  30  48  32  55  55  50  43  17  13  14  19  19
                  Rms          :    1   1   1   1   1   1   1   2   1   1   1   2   4   5   5

 105   1   1   0   1   1   1   1   2   2   1   1   1   1   1   1   1   1   1   1   1   1   1   1   2   0   1   1   1   1   1   1   2   1   1   2   2   1   1   2   2   4   7   5   1   3   2   1   1   2   1   2
  ORBGEN.L47      # Sat.:  51 , # Eclipsing 15 , Max. Rms.:  0.07 for sat.:114
  (DOY: 105)      Eclips. Sat. :    2   4   7   8   9  11  21  24  27  31 110 111 113 114 115
                  Min in eclips:   55  54  50  43  53  36  55  55  54  50  39  38  37  39  39
                  Rms          :    1   1   1   2   2   1   1   2   1   1   2   2   4   7   5

 110   1   1   0   1   1   1   1   2   2   1   1   1   1   1   1   1   1   1   1   1   1   1   1   2   0   1   1   1   1   1   1   2   1   1   2   2   1   1   2   2   4   7   5   1   3   2   1   1   2   1   2
  ORBGEN.L48      # Sat.:  51 , # Eclipsing 15 , Max. Rms.:  0.07 for sat.:114
  (DOY: 110)      Eclips. Sat. :    2   4   7   8   9  11  21  24  27  31 110 111 113 114 115
                  Min in eclips:   55  54  55  54  55  36  55  55  55  55  53  53  53  53  54
                  Rms          :    1   1   1   2   2   1   1   2   1   1   2   2   4   7   5

